Running: C:\Xilinx\14.7\ISE_DS\ISE\bin\nt64\unwrapped\fuse.exe -intstyle ise -incremental -lib unisims_ver -lib unimacro_ver -lib xilinxcorelib_ver -lib secureip -o C:/Users/Alex/Desktop/CN/lab01_skel/nume/dsfj_isim_beh.exe -prj C:/Users/Alex/Desktop/CN/lab01_skel/nume/dsfj_beh.prj work.dsfj work.glbl 
ISim P.20131013 (signature 0x7708f090)
Number of CPUs detected in this system: 8
Turning on mult-threading, number of parallel sub-compilation jobs: 16 
Determining compilation order of HDL files
Analyzing Verilog file "C:/Users/Alex/Desktop/CN/lab01_skel/nume/lab12.v" into library work
Analyzing Verilog file "C:/Users/Alex/Desktop/CN/lab01_skel/nume/lab13.v" into library work
Analyzing Verilog file "C:/Users/Alex/Desktop/CN/lab01_skel/nume/dsfj.v" into library work
Analyzing Verilog file "C:/Xilinx/14.7/ISE_DS/ISE//verilog/src/glbl.v" into library work
Starting static elaboration
Completed static elaboration
Compiling module lab12
Compiling module lab13
Compiling module dsfj
Compiling module glbl
Time Resolution for simulation is 1ps.
Waiting for 1 sub-compilation(s) to finish...
Compiled 4 Verilog Units
Built simulation executable C:/Users/Alex/Desktop/CN/lab01_skel/nume/dsfj_isim_beh.exe
Fuse Memory Usage: 27968 KB
Fuse CPU Usage: 327 ms
