Release 14.7 - xst P.20131013 (nt64)
Copyright (c) 1995-2013 Xilinx, Inc.  All rights reserved.
--> Parameter TMPDIR set to xst/projnav.tmp


Total REAL time to Xst completion: 0.00 secs
Total CPU time to Xst completion: 0.08 secs
 
--> Parameter xsthdpdir set to xst


Total REAL time to Xst completion: 0.00 secs
Total CPU time to Xst completion: 0.08 secs
 
--> Reading design: ex2.prj

TABLE OF CONTENTS
  1) Synthesis Options Summary
  2) HDL Parsing
  3) HDL Elaboration
  4) HDL Synthesis
       4.1) HDL Synthesis Report
  5) Advanced HDL Synthesis
       5.1) Advanced HDL Synthesis Report
  6) Low Level Synthesis
  7) Partition Report
  8) Design Summary
       8.1) Primitive and Black Box Usage
       8.2) Device utilization summary
       8.3) Partition Resource Summary
       8.4) Timing Report
            8.4.1) Clock Information
            8.4.2) Asynchronous Control Signals Information
            8.4.3) Timing Summary
            8.4.4) Timing Details
            8.4.5) Cross Clock Domains Report


=========================================================================
*                      Synthesis Options Summary                        *
=========================================================================
---- Source Parameters
Input File Name                    : "ex2.prj"
Ignore Synthesis Constraint File   : NO

---- Target Parameters
Output File Name                   : "ex2"
Output Format                      : NGC
Target Device                      : xc6slx16-3-csg324

---- Source Options
Top Module Name                    : ex2
Automatic FSM Extraction           : YES
FSM Encoding Algorithm             : Auto
Safe Implementation                : No
FSM Style                          : LUT
RAM Extraction                     : Yes
RAM Style                          : Auto
ROM Extraction                     : Yes
Shift Register Extraction          : YES
ROM Style                          : Auto
Resource Sharing                   : YES
Asynchronous To Synchronous        : NO
Shift Register Minimum Size        : 2
Use DSP Block                      : Auto
Automatic Register Balancing       : No

---- Target Options
LUT Combining                      : Auto
Reduce Control Sets                : Auto
Add IO Buffers                     : YES
Global Maximum Fanout              : 100000
Add Generic Clock Buffer(BUFG)     : 16
Register Duplication               : YES
Optimize Instantiated Primitives   : NO
Use Clock Enable                   : Auto
Use Synchronous Set                : Auto
Use Synchronous Reset              : Auto
Pack IO Registers into IOBs        : Auto
Equivalent register Removal        : YES

---- General Options
Optimization Goal                  : Speed
Optimization Effort                : 1
Power Reduction                    : NO
Keep Hierarchy                     : No
Netlist Hierarchy                  : As_Optimized
RTL Output                         : Yes
Global Optimization                : AllClockNets
Read Cores                         : YES
Write Timing Constraints           : NO
Cross Clock Analysis               : NO
Hierarchy Separator                : /
Bus Delimiter                      : <>
Case Specifier                     : Maintain
Slice Utilization Ratio            : 100
BRAM Utilization Ratio             : 100
DSP48 Utilization Ratio            : 100
Auto BRAM Packing                  : NO
Slice Utilization Ratio Delta      : 5

=========================================================================


=========================================================================
*                          HDL Parsing                                  *
=========================================================================
Analyzing Verilog file "C:\Users\Alex\Desktop\CN\lab05_skel\lab05_skel\ex2.v" into library work
Parsing module <ex2>.

=========================================================================
*                            HDL Elaboration                            *
=========================================================================

Elaborating module <ex2>.
WARNING:HDLCompiler:413 - "C:\Users\Alex\Desktop\CN\lab05_skel\lab05_skel\ex2.v" Line 34: Result of 17-bit expression is truncated to fit in 16-bit target.

=========================================================================
*                           HDL Synthesis                               *
=========================================================================

Synthesizing Unit <ex2>.
    Related source file is "C:\Users\Alex\Desktop\CN\lab05_skel\lab05_skel\ex2.v".
    Found 16-bit register for signal <delay>.
    Found 2-bit register for signal <currentState>.
    Found 16-bit adder for signal <_n0029> created at line 34.
    Found 2-bit adder for signal <currentState[1]_GND_1_o_add_3_OUT> created at line 38.
    Found 4x6-bit Read Only RAM for signal <_n0037>
    Summary:
	inferred   1 RAM(s).
	inferred   2 Adder/Subtractor(s).
	inferred  18 D-type flip-flop(s).
Unit <ex2> synthesized.

=========================================================================
HDL Synthesis Report

Macro Statistics
# RAMs                                                 : 1
 4x6-bit single-port Read Only RAM                     : 1
# Adders/Subtractors                                   : 2
 16-bit adder                                          : 1
 2-bit adder                                           : 1
# Registers                                            : 2
 16-bit register                                       : 1
 2-bit register                                        : 1

=========================================================================

=========================================================================
*                       Advanced HDL Synthesis                          *
=========================================================================


Synthesizing (advanced) Unit <ex2>.
The following registers are absorbed into counter <delay>: 1 register on signal <delay>.
The following registers are absorbed into counter <currentState>: 1 register on signal <currentState>.
INFO:Xst:3218 - HDL ADVISOR - The RAM <Mram__n0037> will be implemented on LUTs either because you have described an asynchronous read or because of currently unsupported block RAM features. If you have described an asynchronous read, making it synchronous would allow you to take advantage of available block RAM resources, for optimized device usage and improved timings. Please refer to your documentation for coding guidelines.
    -----------------------------------------------------------------------
    | ram_type           | Distributed                         |          |
    -----------------------------------------------------------------------
    | Port A                                                              |
    |     aspect ratio   | 4-word x 6-bit                      |          |
    |     weA            | connected to signal <GND>           | high     |
    |     addrA          | connected to signal <(currentState,CE)> |          |
    |     diA            | connected to signal <GND>           |          |
    |     doA            | connected to signal <CC>            |          |
    -----------------------------------------------------------------------
Unit <ex2> synthesized (advanced).

=========================================================================
Advanced HDL Synthesis Report

Macro Statistics
# RAMs                                                 : 1
 4x6-bit single-port distributed Read Only RAM         : 1
# Adders/Subtractors                                   : 1
 16-bit adder                                          : 1
# Counters                                             : 2
 16-bit up counter                                     : 1
 2-bit up counter                                      : 1

=========================================================================

=========================================================================
*                         Low Level Synthesis                           *
=========================================================================

Optimizing unit <ex2> ...

Mapping all equations...
Building and optimizing final netlist ...
Found area constraint ratio of 100 (+ 5) on block ex2, actual ratio is 0.

Final Macro Processing ...

=========================================================================
Final Register Report

Macro Statistics
# Registers                                            : 18
 Flip-Flops                                            : 18

=========================================================================

=========================================================================
*                           Partition Report                            *
=========================================================================

Partition Implementation Status
-------------------------------

  No Partitions were found in this design.

-------------------------------

=========================================================================
*                            Design Summary                             *
=========================================================================

Top Level Output File Name         : ex2.ngc

Primitive and Black Box Usage:
------------------------------
# BELS                             : 109
#      GND                         : 1
#      INV                         : 3
#      LUT1                        : 30
#      LUT2                        : 7
#      LUT3                        : 1
#      LUT6                        : 4
#      MUXCY                       : 30
#      VCC                         : 1
#      XORCY                       : 32
# FlipFlops/Latches                : 18
#      FDR                         : 18
# Clock Buffers                    : 1
#      BUFGP                       : 1
# IO Buffers                       : 13
#      IBUF                        : 1
#      OBUF                        : 12

Device utilization summary:
---------------------------

Selected Device : 6slx16csg324-3 


Slice Logic Utilization: 
 Number of Slice Registers:              18  out of  18224     0%  
 Number of Slice LUTs:                   45  out of   9112     0%  
    Number used as Logic:                45  out of   9112     0%  

Slice Logic Distribution: 
 Number of LUT Flip Flop pairs used:     45
   Number with an unused Flip Flop:      27  out of     45    60%  
   Number with an unused LUT:             0  out of     45     0%  
   Number of fully used LUT-FF pairs:    18  out of     45    40%  
   Number of unique control sets:         1

IO Utilization: 
 Number of IOs:                          14
 Number of bonded IOBs:                  14  out of    232     6%  

Specific Feature Utilization:
 Number of BUFG/BUFGCTRLs:                1  out of     16     6%  

---------------------------
Partition Resource Summary:
---------------------------

  No Partitions were found in this design.

---------------------------


=========================================================================
Timing Report

NOTE: THESE TIMING NUMBERS ARE ONLY A SYNTHESIS ESTIMATE.
      FOR ACCURATE TIMING INFORMATION PLEASE REFER TO THE TRACE REPORT
      GENERATED AFTER PLACE-and-ROUTE.

Clock Information:
------------------
-----------------------------------+------------------------+-------+
Clock Signal                       | Clock buffer(FF name)  | Load  |
-----------------------------------+------------------------+-------+
clk                                | BUFGP                  | 18    |
-----------------------------------+------------------------+-------+

Asynchronous Control Signals Information:
----------------------------------------
No asynchronous control signals found in this design

Timing Summary:
---------------
Speed Grade: -3

   Minimum period: 3.888ns (Maximum Frequency: 257.178MHz)
   Minimum input arrival time before clock: 2.701ns
   Maximum output required time after clock: 4.744ns
   Maximum combinational path delay: No path found

Timing Details:
---------------
All values displayed in nanoseconds (ns)

=========================================================================
Timing constraint: Default period analysis for Clock 'clk'
  Clock period: 3.888ns (frequency: 257.178MHz)
  Total number of paths / destination ports: 411 / 18
-------------------------------------------------------------------------
Delay:               3.888ns (Levels of Logic = 17)
  Source:            delay_0 (FF)
  Destination:       currentState_0 (FF)
  Source Clock:      clk rising
  Destination Clock: clk rising

  Data Path: delay_0 to currentState_0
                                Gate     Net
    Cell:in->out      fanout   Delay   Delay  Logical Name (Net Name)
    ----------------------------------------  ------------
     FDR:C->Q              2   0.447   0.616  delay_0 (delay_0)
     INV:I->O              1   0.206   0.000  Madd__n0029_lut<0>_INV_0 (Madd__n0029_lut<0>)
     MUXCY:S->O            1   0.172   0.000  Madd__n0029_cy<0> (Madd__n0029_cy<0>)
     MUXCY:CI->O           1   0.019   0.000  Madd__n0029_cy<1> (Madd__n0029_cy<1>)
     MUXCY:CI->O           1   0.019   0.000  Madd__n0029_cy<2> (Madd__n0029_cy<2>)
     MUXCY:CI->O           1   0.019   0.000  Madd__n0029_cy<3> (Madd__n0029_cy<3>)
     MUXCY:CI->O           1   0.019   0.000  Madd__n0029_cy<4> (Madd__n0029_cy<4>)
     MUXCY:CI->O           1   0.019   0.000  Madd__n0029_cy<5> (Madd__n0029_cy<5>)
     MUXCY:CI->O           1   0.019   0.000  Madd__n0029_cy<6> (Madd__n0029_cy<6>)
     MUXCY:CI->O           1   0.019   0.000  Madd__n0029_cy<7> (Madd__n0029_cy<7>)
     MUXCY:CI->O           1   0.019   0.000  Madd__n0029_cy<8> (Madd__n0029_cy<8>)
     MUXCY:CI->O           1   0.019   0.000  Madd__n0029_cy<9> (Madd__n0029_cy<9>)
     MUXCY:CI->O           1   0.019   0.000  Madd__n0029_cy<10> (Madd__n0029_cy<10>)
     MUXCY:CI->O           1   0.019   0.000  Madd__n0029_cy<11> (Madd__n0029_cy<11>)
     MUXCY:CI->O           1   0.019   0.000  Madd__n0029_cy<12> (Madd__n0029_cy<12>)
     XORCY:CI->O           2   0.180   0.721  Madd__n0029_xor<13> (_n0029<2>)
     LUT2:I0->O            1   0.203   0.808  _n0054<0>3_SW0 (N5)
     LUT6:I3->O            1   0.205   0.000  currentState_0_rstpot (currentState_0_rstpot)
     FDR:D                     0.102          currentState_0
    ----------------------------------------
    Total                      3.888ns (1.743ns logic, 2.145ns route)
                                       (44.8% logic, 55.2% route)

=========================================================================
Timing constraint: Default OFFSET IN BEFORE for Clock 'clk'
  Total number of paths / destination ports: 18 / 18
-------------------------------------------------------------------------
Offset:              2.701ns (Levels of Logic = 1)
  Source:            reset (PAD)
  Destination:       delay_0 (FF)
  Destination Clock: clk rising

  Data Path: reset to delay_0
                                Gate     Net
    Cell:in->out      fanout   Delay   Delay  Logical Name (Net Name)
    ----------------------------------------  ------------
     IBUF:I->O            18   1.222   1.049  reset_IBUF (reset_IBUF)
     FDR:R                     0.430          delay_0
    ----------------------------------------
    Total                      2.701ns (1.652ns logic, 1.049ns route)
                                       (61.2% logic, 38.8% route)

=========================================================================
Timing constraint: Default OFFSET OUT AFTER for Clock 'clk'
  Total number of paths / destination ports: 19 / 11
-------------------------------------------------------------------------
Offset:              4.744ns (Levels of Logic = 2)
  Source:            currentState_1 (FF)
  Destination:       AN3 (PAD)
  Source Clock:      clk rising

  Data Path: currentState_1 to AN3
                                Gate     Net
    Cell:in->out      fanout   Delay   Delay  Logical Name (Net Name)
    ----------------------------------------  ------------
     FDR:C->Q              8   0.447   0.907  currentState_1 (currentState_1)
     LUT2:I0->O            2   0.203   0.616  Mram__n0037111 (CD_OBUF)
     OBUF:I->O                 2.571          CA_OBUF (CA)
    ----------------------------------------
    Total                      4.744ns (3.221ns logic, 1.523ns route)
                                       (67.9% logic, 32.1% route)

=========================================================================

Cross Clock Domains Report:
--------------------------

Clock to Setup on destination clock clk
---------------+---------+---------+---------+---------+
               | Src:Rise| Src:Fall| Src:Rise| Src:Fall|
Source Clock   |Dest:Rise|Dest:Rise|Dest:Fall|Dest:Fall|
---------------+---------+---------+---------+---------+
clk            |    3.888|         |         |         |
---------------+---------+---------+---------+---------+

=========================================================================


Total REAL time to Xst completion: 5.00 secs
Total CPU time to Xst completion: 4.58 secs
 
--> 

Total memory usage is 283260 kilobytes

Number of errors   :    0 (   0 filtered)
Number of warnings :    1 (   0 filtered)
Number of infos    :    1 (   0 filtered)

