--------------------------------------------------------------------------------
Release 14.7 Trace  (nt64)
Copyright (c) 1995-2013 Xilinx, Inc.  All rights reserved.

C:\Xilinx\14.7\ISE_DS\ISE\bin\nt64\unwrapped\trce.exe -intstyle ise -v 3 -s 3
-n 3 -fastpaths -xml bonus.twx bonus.ncd -o bonus.twr bonus.pcf -ucf
tttttttttt.ucf

Design file:              bonus.ncd
Physical constraint file: bonus.pcf
Device,package,speed:     xc6slx16,csg324,C,-3 (PRODUCTION 1.23 2013-10-13)
Report level:             verbose report

Environment Variable      Effect 
--------------------      ------ 
NONE                      No environment variables were set
--------------------------------------------------------------------------------

INFO:Timing:2698 - No timing constraints found, doing default enumeration.
INFO:Timing:3412 - To improve timing, see the Timing Closure User Guide (UG612).
INFO:Timing:2752 - To get complete path coverage, use the unconstrained paths 
   option. All paths that are not constrained will be reported in the 
   unconstrained paths section(s) of the report.
INFO:Timing:3339 - The clock-to-out numbers in this timing report are based on 
   a 50 Ohm transmission line loading model.  For the details of this model, 
   and for more information on accounting for different loading conditions, 
   please see the device datasheet.



Data Sheet report:
-----------------
All values displayed in nanoseconds (ns)

Setup/Hold to clock clk
------------+------------+------------+------------+------------+------------------+--------+
            |Max Setup to|  Process   |Max Hold to |  Process   |                  | Clock  |
Source      | clk (edge) |   Corner   | clk (edge) |   Corner   |Internal Clock(s) | Phase  |
------------+------------+------------+------------+------------+------------------+--------+
reset       |    3.436(R)|      SLOW  |   -0.422(R)|      SLOW  |clk_BUFGP         |   0.000|
------------+------------+------------+------------+------------+------------------+--------+

Clock clk to Pad
------------+-----------------+------------+-----------------+------------+------------------+--------+
            |Max (slowest) clk|  Process   |Min (fastest) clk|  Process   |                  | Clock  |
Destination |  (edge) to PAD  |   Corner   |  (edge) to PAD  |   Corner   |Internal Clock(s) | Phase  |
------------+-----------------+------------+-----------------+------------+------------------+--------+
led<0>      |         8.836(R)|      SLOW  |         4.775(R)|      FAST  |clk_BUFGP         |   0.000|
led<1>      |         8.836(R)|      SLOW  |         4.775(R)|      FAST  |clk_BUFGP         |   0.000|
led<2>      |         8.748(R)|      SLOW  |         4.717(R)|      FAST  |clk_BUFGP         |   0.000|
led<3>      |         8.748(R)|      SLOW  |         4.717(R)|      FAST  |clk_BUFGP         |   0.000|
led<4>      |         8.420(R)|      SLOW  |         4.464(R)|      FAST  |clk_BUFGP         |   0.000|
led<5>      |         8.420(R)|      SLOW  |         4.464(R)|      FAST  |clk_BUFGP         |   0.000|
led<6>      |         8.606(R)|      SLOW  |         4.596(R)|      FAST  |clk_BUFGP         |   0.000|
led<7>      |         8.606(R)|      SLOW  |         4.596(R)|      FAST  |clk_BUFGP         |   0.000|
------------+-----------------+------------+-----------------+------------+------------------+--------+

Clock to Setup on destination clock clk
---------------+---------+---------+---------+---------+
               | Src:Rise| Src:Fall| Src:Rise| Src:Fall|
Source Clock   |Dest:Rise|Dest:Rise|Dest:Fall|Dest:Fall|
---------------+---------+---------+---------+---------+
clk            |   17.890|         |         |         |
---------------+---------+---------+---------+---------+


Analysis completed Mon Mar 13 16:01:04 2017 
--------------------------------------------------------------------------------

Trace Settings:
-------------------------
Trace Settings 

Peak Memory Usage: 247 MB



