Release 14.7 - xst P.20131013 (nt64)
Copyright (c) 1995-2013 Xilinx, Inc.  All rights reserved.
--> Parameter TMPDIR set to xst/projnav.tmp


Total REAL time to Xst completion: 0.00 secs
Total CPU time to Xst completion: 0.09 secs
 
--> Parameter xsthdpdir set to xst


Total REAL time to Xst completion: 0.00 secs
Total CPU time to Xst completion: 0.09 secs
 
--> Reading design: numarator.prj

TABLE OF CONTENTS
  1) Synthesis Options Summary
  2) HDL Parsing
  3) HDL Elaboration
  4) HDL Synthesis
       4.1) HDL Synthesis Report
  5) Advanced HDL Synthesis
       5.1) Advanced HDL Synthesis Report
  6) Low Level Synthesis
  7) Partition Report
  8) Design Summary
       8.1) Primitive and Black Box Usage
       8.2) Device utilization summary
       8.3) Partition Resource Summary
       8.4) Timing Report
            8.4.1) Clock Information
            8.4.2) Asynchronous Control Signals Information
            8.4.3) Timing Summary
            8.4.4) Timing Details
            8.4.5) Cross Clock Domains Report


=========================================================================
*                      Synthesis Options Summary                        *
=========================================================================
---- Source Parameters
Input File Name                    : "numarator.prj"
Ignore Synthesis Constraint File   : NO

---- Target Parameters
Output File Name                   : "numarator"
Output Format                      : NGC
Target Device                      : xc6slx16-3-csg324

---- Source Options
Top Module Name                    : numarator
Automatic FSM Extraction           : YES
FSM Encoding Algorithm             : Auto
Safe Implementation                : No
FSM Style                          : LUT
RAM Extraction                     : Yes
RAM Style                          : Auto
ROM Extraction                     : Yes
Shift Register Extraction          : YES
ROM Style                          : Auto
Resource Sharing                   : YES
Asynchronous To Synchronous        : NO
Shift Register Minimum Size        : 2
Use DSP Block                      : Auto
Automatic Register Balancing       : No

---- Target Options
LUT Combining                      : Auto
Reduce Control Sets                : Auto
Add IO Buffers                     : YES
Global Maximum Fanout              : 100000
Add Generic Clock Buffer(BUFG)     : 16
Register Duplication               : YES
Optimize Instantiated Primitives   : NO
Use Clock Enable                   : Auto
Use Synchronous Set                : Auto
Use Synchronous Reset              : Auto
Pack IO Registers into IOBs        : Auto
Equivalent register Removal        : YES

---- General Options
Optimization Goal                  : Speed
Optimization Effort                : 1
Power Reduction                    : NO
Keep Hierarchy                     : No
Netlist Hierarchy                  : As_Optimized
RTL Output                         : Yes
Global Optimization                : AllClockNets
Read Cores                         : YES
Write Timing Constraints           : NO
Cross Clock Analysis               : NO
Hierarchy Separator                : /
Bus Delimiter                      : <>
Case Specifier                     : Maintain
Slice Utilization Ratio            : 100
BRAM Utilization Ratio             : 100
DSP48 Utilization Ratio            : 100
Auto BRAM Packing                  : NO
Slice Utilization Ratio Delta      : 5

=========================================================================


=========================================================================
*                          HDL Parsing                                  *
=========================================================================
Analyzing Verilog file "C:\Users\Alex\Desktop\lab03_skel\lab03_skel\debouncer.v" into library work
Parsing module <debouncer>.
Analyzing Verilog file "C:\Users\Alex\Desktop\lab03_skel\lab03_skel\numarator.v" into library work
Parsing module <numarator>.

=========================================================================
*                            HDL Elaboration                            *
=========================================================================

Elaborating module <numarator>.

Elaborating module <debouncer>.
WARNING:HDLCompiler:413 - "C:\Users\Alex\Desktop\lab03_skel\lab03_skel\debouncer.v" Line 36: Result of 17-bit expression is truncated to fit in 16-bit target.
WARNING:HDLCompiler:413 - "C:\Users\Alex\Desktop\lab03_skel\lab03_skel\numarator.v" Line 36: Result of 9-bit expression is truncated to fit in 8-bit target.

=========================================================================
*                           HDL Synthesis                               *
=========================================================================

Synthesizing Unit <numarator>.
    Related source file is "C:\Users\Alex\Desktop\lab03_skel\lab03_skel\numarator.v".
    Found 8-bit register for signal <led>.
    Found 8-bit adder for signal <counter[7]_GND_1_o_add_2_OUT> created at line 36.
    Summary:
	inferred   1 Adder/Subtractor(s).
	inferred   8 D-type flip-flop(s).
Unit <numarator> synthesized.

Synthesizing Unit <debouncer>.
    Related source file is "C:\Users\Alex\Desktop\lab03_skel\lab03_skel\debouncer.v".
    Found 1-bit register for signal <button_tmp>.
    Found 1-bit register for signal <button_out>.
    Found 16-bit register for signal <count>.
    Found 16-bit adder for signal <count[15]_GND_2_o_add_2_OUT> created at line 36.
    Summary:
	inferred   1 Adder/Subtractor(s).
	inferred  18 D-type flip-flop(s).
Unit <debouncer> synthesized.

=========================================================================
HDL Synthesis Report

Macro Statistics
# Adders/Subtractors                                   : 2
 16-bit adder                                          : 1
 8-bit adder                                           : 1
# Registers                                            : 4
 1-bit register                                        : 2
 16-bit register                                       : 1
 8-bit register                                        : 1

=========================================================================

=========================================================================
*                       Advanced HDL Synthesis                          *
=========================================================================


Synthesizing (advanced) Unit <debouncer>.
The following registers are absorbed into counter <count>: 1 register on signal <count>.
Unit <debouncer> synthesized (advanced).

Synthesizing (advanced) Unit <numarator>.
The following registers are absorbed into counter <counter>: 1 register on signal <counter>.
Unit <numarator> synthesized (advanced).

=========================================================================
Advanced HDL Synthesis Report

Macro Statistics
# Counters                                             : 2
 16-bit up counter                                     : 1
 8-bit up counter                                      : 1
# Registers                                            : 2
 Flip-Flops                                            : 2

=========================================================================

=========================================================================
*                         Low Level Synthesis                           *
=========================================================================

Optimizing unit <numarator> ...

Mapping all equations...
Building and optimizing final netlist ...
Found area constraint ratio of 100 (+ 5) on block numarator, actual ratio is 0.

Final Macro Processing ...

=========================================================================
Final Register Report

Macro Statistics
# Registers                                            : 26
 Flip-Flops                                            : 26

=========================================================================

=========================================================================
*                           Partition Report                            *
=========================================================================

Partition Implementation Status
-------------------------------

  No Partitions were found in this design.

-------------------------------

=========================================================================
*                            Design Summary                             *
=========================================================================

Top Level Output File Name         : numarator.ngc

Primitive and Black Box Usage:
------------------------------
# BELS                             : 76
#      GND                         : 1
#      INV                         : 2
#      LUT1                        : 22
#      LUT3                        : 1
#      LUT6                        : 3
#      MUXCY                       : 22
#      VCC                         : 1
#      XORCY                       : 24
# FlipFlops/Latches                : 26
#      FDE                         : 1
#      FDR                         : 25
# Clock Buffers                    : 1
#      BUFGP                       : 1
# IO Buffers                       : 10
#      IBUF                        : 2
#      OBUF                        : 8

Device utilization summary:
---------------------------

Selected Device : 6slx16csg324-3 


Slice Logic Utilization: 
 Number of Slice Registers:              26  out of  18224     0%  
 Number of Slice LUTs:                   28  out of   9112     0%  
    Number used as Logic:                28  out of   9112     0%  

Slice Logic Distribution: 
 Number of LUT Flip Flop pairs used:     29
   Number with an unused Flip Flop:       3  out of     29    10%  
   Number with an unused LUT:             1  out of     29     3%  
   Number of fully used LUT-FF pairs:    25  out of     29    86%  
   Number of unique control sets:         3

IO Utilization: 
 Number of IOs:                          11
 Number of bonded IOBs:                  11  out of    232     4%  

Specific Feature Utilization:
 Number of BUFG/BUFGCTRLs:                1  out of     16     6%  

---------------------------
Partition Resource Summary:
---------------------------

  No Partitions were found in this design.

---------------------------


=========================================================================
Timing Report

NOTE: THESE TIMING NUMBERS ARE ONLY A SYNTHESIS ESTIMATE.
      FOR ACCURATE TIMING INFORMATION PLEASE REFER TO THE TRACE REPORT
      GENERATED AFTER PLACE-and-ROUTE.

Clock Information:
------------------
-----------------------------------+------------------------+-------+
Clock Signal                       | Clock buffer(FF name)  | Load  |
-----------------------------------+------------------------+-------+
clk                                | BUFGP                  | 18    |
db/button_out                      | NONE(counter_0)        | 8     |
-----------------------------------+------------------------+-------+
INFO:Xst:2169 - HDL ADVISOR - Some clock signals were not automatically buffered by XST with BUFG/BUFR resources. Please use the buffer_type constraint in order to insert these buffers to the clock signals to help prevent skew problems.

Asynchronous Control Signals Information:
----------------------------------------
No asynchronous control signals found in this design

Timing Summary:
---------------
Speed Grade: -3

   Minimum period: 2.532ns (Maximum Frequency: 394.929MHz)
   Minimum input arrival time before clock: 2.844ns
   Maximum output required time after clock: 3.634ns
   Maximum combinational path delay: No path found

Timing Details:
---------------
All values displayed in nanoseconds (ns)

=========================================================================
Timing constraint: Default period analysis for Clock 'clk'
  Clock period: 2.532ns (frequency: 394.929MHz)
  Total number of paths / destination ports: 155 / 18
-------------------------------------------------------------------------
Delay:               2.532ns (Levels of Logic = 1)
  Source:            db/count_7 (FF)
  Destination:       db/button_out (FF)
  Source Clock:      clk rising
  Destination Clock: clk rising

  Data Path: db/count_7 to db/button_out
                                Gate     Net
    Cell:in->out      fanout   Delay   Delay  Logical Name (Net Name)
    ----------------------------------------  ------------
     FDR:C->Q              2   0.447   0.981  db/count_7 (db/count_7)
     LUT6:I0->O            1   0.203   0.579  db/GND_2_o_GND_2_o_equal_5_o<15>2 (db/GND_2_o_GND_2_o_equal_5_o<15>1)
     FDE:CE                    0.322          db/button_out
    ----------------------------------------
    Total                      2.532ns (0.972ns logic, 1.560ns route)
                                       (38.4% logic, 61.6% route)

=========================================================================
Timing constraint: Default period analysis for Clock 'db/button_out'
  Clock period: 1.837ns (frequency: 544.292MHz)
  Total number of paths / destination ports: 36 / 8
-------------------------------------------------------------------------
Delay:               1.837ns (Levels of Logic = 9)
  Source:            counter_0 (FF)
  Destination:       counter_7 (FF)
  Source Clock:      db/button_out rising
  Destination Clock: db/button_out rising

  Data Path: counter_0 to counter_7
                                Gate     Net
    Cell:in->out      fanout   Delay   Delay  Logical Name (Net Name)
    ----------------------------------------  ------------
     FDR:C->Q              2   0.447   0.616  counter_0 (counter_0)
     INV:I->O              1   0.206   0.000  Mcount_counter_lut<0>_INV_0 (Mcount_counter_lut<0>)
     MUXCY:S->O            1   0.172   0.000  Mcount_counter_cy<0> (Mcount_counter_cy<0>)
     MUXCY:CI->O           1   0.019   0.000  Mcount_counter_cy<1> (Mcount_counter_cy<1>)
     MUXCY:CI->O           1   0.019   0.000  Mcount_counter_cy<2> (Mcount_counter_cy<2>)
     MUXCY:CI->O           1   0.019   0.000  Mcount_counter_cy<3> (Mcount_counter_cy<3>)
     MUXCY:CI->O           1   0.019   0.000  Mcount_counter_cy<4> (Mcount_counter_cy<4>)
     MUXCY:CI->O           1   0.019   0.000  Mcount_counter_cy<5> (Mcount_counter_cy<5>)
     MUXCY:CI->O           0   0.019   0.000  Mcount_counter_cy<6> (Mcount_counter_cy<6>)
     XORCY:CI->O           1   0.180   0.000  Mcount_counter_xor<7> (Result<7>)
     FDR:D                     0.102          counter_7
    ----------------------------------------
    Total                      1.837ns (1.221ns logic, 0.616ns route)
                                       (66.5% logic, 33.5% route)

=========================================================================
Timing constraint: Default OFFSET IN BEFORE for Clock 'clk'
  Total number of paths / destination ports: 18 / 18
-------------------------------------------------------------------------
Offset:              2.844ns (Levels of Logic = 1)
  Source:            reset (PAD)
  Destination:       db/button_tmp (FF)
  Destination Clock: clk rising

  Data Path: reset to db/button_tmp
                                Gate     Net
    Cell:in->out      fanout   Delay   Delay  Logical Name (Net Name)
    ----------------------------------------  ------------
     IBUF:I->O            25   1.222   1.192  reset_IBUF (reset_IBUF)
     FDR:R                     0.430          db/button_tmp
    ----------------------------------------
    Total                      2.844ns (1.652ns logic, 1.192ns route)
                                       (58.1% logic, 41.9% route)

=========================================================================
Timing constraint: Default OFFSET IN BEFORE for Clock 'db/button_out'
  Total number of paths / destination ports: 8 / 8
-------------------------------------------------------------------------
Offset:              2.844ns (Levels of Logic = 1)
  Source:            reset (PAD)
  Destination:       counter_0 (FF)
  Destination Clock: db/button_out rising

  Data Path: reset to counter_0
                                Gate     Net
    Cell:in->out      fanout   Delay   Delay  Logical Name (Net Name)
    ----------------------------------------  ------------
     IBUF:I->O            25   1.222   1.192  reset_IBUF (reset_IBUF)
     FDR:R                     0.430          counter_0
    ----------------------------------------
    Total                      2.844ns (1.652ns logic, 1.192ns route)
                                       (58.1% logic, 41.9% route)

=========================================================================
Timing constraint: Default OFFSET OUT AFTER for Clock 'db/button_out'
  Total number of paths / destination ports: 8 / 8
-------------------------------------------------------------------------
Offset:              3.634ns (Levels of Logic = 1)
  Source:            counter_7 (FF)
  Destination:       led<7> (PAD)
  Source Clock:      db/button_out rising

  Data Path: counter_7 to led<7>
                                Gate     Net
    Cell:in->out      fanout   Delay   Delay  Logical Name (Net Name)
    ----------------------------------------  ------------
     FDR:C->Q              2   0.447   0.616  counter_7 (counter_7)
     OBUF:I->O                 2.571          led_7_OBUF (led<7>)
    ----------------------------------------
    Total                      3.634ns (3.018ns logic, 0.616ns route)
                                       (83.0% logic, 17.0% route)

=========================================================================

Cross Clock Domains Report:
--------------------------

Clock to Setup on destination clock clk
---------------+---------+---------+---------+---------+
               | Src:Rise| Src:Fall| Src:Rise| Src:Fall|
Source Clock   |Dest:Rise|Dest:Rise|Dest:Fall|Dest:Fall|
---------------+---------+---------+---------+---------+
clk            |    2.532|         |         |         |
---------------+---------+---------+---------+---------+

Clock to Setup on destination clock db/button_out
---------------+---------+---------+---------+---------+
               | Src:Rise| Src:Fall| Src:Rise| Src:Fall|
Source Clock   |Dest:Rise|Dest:Rise|Dest:Fall|Dest:Fall|
---------------+---------+---------+---------+---------+
db/button_out  |    1.837|         |         |         |
---------------+---------+---------+---------+---------+

=========================================================================


Total REAL time to Xst completion: 4.00 secs
Total CPU time to Xst completion: 4.91 secs
 
--> 

Total memory usage is 283236 kilobytes

Number of errors   :    0 (   0 filtered)
Number of warnings :    2 (   0 filtered)
Number of infos    :    1 (   0 filtered)

