Command line:
   fixture5_isim_beh.exe
     -simmode  gui
     -simrunnum  0
     -socket  54133

Mon Mar 06 15:54:00 2017


 Elaboration Time: 0.09375 sec

 Current Memory Usage: 1494.87 Meg

 Total Signals          : 20
 Total Nets             : 20
 Total Signal Drivers   : 12
 Total Blocks           : 3
 Total Primitive Blocks : 2
 Total Processes        : 15
 Total Traceable Variables  : 25
 Total Scalar Nets and Variables : 107
Total Line Count : 41

 Total Simulation Time: 0.09375 sec

 Current Memory Usage: 1494.87 Meg

Mon Mar 06 15:54:05 2017

