Command line:
   fixture4_isim_beh.exe
     -simmode  gui
     -simrunnum  0
     -socket  54041

Mon Mar 06 15:23:21 2017


 Elaboration Time: 0.15625 sec

 Current Memory Usage: 1337.03 Meg

 Total Signals          : 24
 Total Nets             : 20
 Total Signal Drivers   : 12
 Total Blocks           : 3
 Total Primitive Blocks : 2
 Total Processes        : 14
 Total Traceable Variables  : 21
 Total Scalar Nets and Variables : 103
Total Line Count : 34

 Total Simulation Time: 0.15625 sec

 Current Memory Usage: 1337 Meg

Mon Mar 06 15:23:57 2017

