Release 14.7 - xst P.20131013 (nt64)
Copyright (c) 1995-2013 Xilinx, Inc.  All rights reserved.
--> Parameter TMPDIR set to xst/projnav.tmp


Total REAL time to Xst completion: 1.00 secs
Total CPU time to Xst completion: 0.08 secs
 
--> Parameter xsthdpdir set to xst


Total REAL time to Xst completion: 1.00 secs
Total CPU time to Xst completion: 0.08 secs
 
--> Reading design: adder_subtractor.prj

TABLE OF CONTENTS
  1) Synthesis Options Summary
  2) HDL Parsing
  3) HDL Elaboration
  4) HDL Synthesis
       4.1) HDL Synthesis Report
  5) Advanced HDL Synthesis
       5.1) Advanced HDL Synthesis Report
  6) Low Level Synthesis
  7) Partition Report
  8) Design Summary
       8.1) Primitive and Black Box Usage
       8.2) Device utilization summary
       8.3) Partition Resource Summary
       8.4) Timing Report
            8.4.1) Clock Information
            8.4.2) Asynchronous Control Signals Information
            8.4.3) Timing Summary
            8.4.4) Timing Details
            8.4.5) Cross Clock Domains Report


=========================================================================
*                      Synthesis Options Summary                        *
=========================================================================
---- Source Parameters
Input File Name                    : "adder_subtractor.prj"
Ignore Synthesis Constraint File   : NO

---- Target Parameters
Output File Name                   : "adder_subtractor"
Output Format                      : NGC
Target Device                      : xc6slx16-3-csg324

---- Source Options
Top Module Name                    : adder_subtractor
Automatic FSM Extraction           : YES
FSM Encoding Algorithm             : Auto
Safe Implementation                : No
FSM Style                          : LUT
RAM Extraction                     : Yes
RAM Style                          : Auto
ROM Extraction                     : Yes
Shift Register Extraction          : YES
ROM Style                          : Auto
Resource Sharing                   : YES
Asynchronous To Synchronous        : NO
Shift Register Minimum Size        : 2
Use DSP Block                      : Auto
Automatic Register Balancing       : No

---- Target Options
LUT Combining                      : Auto
Reduce Control Sets                : Auto
Add IO Buffers                     : YES
Global Maximum Fanout              : 100000
Add Generic Clock Buffer(BUFG)     : 16
Register Duplication               : YES
Optimize Instantiated Primitives   : NO
Use Clock Enable                   : Auto
Use Synchronous Set                : Auto
Use Synchronous Reset              : Auto
Pack IO Registers into IOBs        : Auto
Equivalent register Removal        : YES

---- General Options
Optimization Goal                  : Speed
Optimization Effort                : 1
Power Reduction                    : NO
Keep Hierarchy                     : No
Netlist Hierarchy                  : As_Optimized
RTL Output                         : Yes
Global Optimization                : AllClockNets
Read Cores                         : YES
Write Timing Constraints           : NO
Cross Clock Analysis               : NO
Hierarchy Separator                : /
Bus Delimiter                      : <>
Case Specifier                     : Maintain
Slice Utilization Ratio            : 100
BRAM Utilization Ratio             : 100
DSP48 Utilization Ratio            : 100
Auto BRAM Packing                  : NO
Slice Utilization Ratio Delta      : 5

=========================================================================


=========================================================================
*                          HDL Parsing                                  *
=========================================================================
Analyzing Verilog file "C:\Users\Alex\Desktop\CN\lab07_skel\lab07_skel\half_adder.v" into library work
Parsing module <half_adder>.
Analyzing Verilog file "C:\Users\Alex\Desktop\CN\lab07_skel\lab07_skel\full_adder.v" into library work
Parsing module <full_adder>.
Analyzing Verilog file "C:\Users\Alex\Desktop\CN\lab07_skel\lab07_skel\cla_adder.v" into library work
Parsing module <cla_adder>.
Analyzing Verilog file "C:\Users\Alex\Desktop\CN\lab07_skel\lab07_skel\cla_subtractor.v" into library work
Parsing module <cla_subtractor>.
Analyzing Verilog file "C:\Users\Alex\Desktop\CN\lab07_skel\lab07_skel\adder_subtractor.v" into library work
Parsing module <adder_subtractor>.

=========================================================================
*                            HDL Elaboration                            *
=========================================================================
WARNING:HDLCompiler:1016 - "C:\Users\Alex\Desktop\CN\lab07_skel\lab07_skel\adder_subtractor.v" Line 14: Port Cout is not connected to this instance
WARNING:HDLCompiler:1016 - "C:\Users\Alex\Desktop\CN\lab07_skel\lab07_skel\adder_subtractor.v" Line 21: Port Cout is not connected to this instance

Elaborating module <adder_subtractor>.
WARNING:HDLCompiler:1016 - "C:\Users\Alex\Desktop\CN\lab07_skel\lab07_skel\cla_adder.v" Line 33: Port Cout is not connected to this instance
WARNING:HDLCompiler:1016 - "C:\Users\Alex\Desktop\CN\lab07_skel\lab07_skel\cla_adder.v" Line 34: Port Cout is not connected to this instance
WARNING:HDLCompiler:1016 - "C:\Users\Alex\Desktop\CN\lab07_skel\lab07_skel\cla_adder.v" Line 35: Port Cout is not connected to this instance
WARNING:HDLCompiler:1016 - "C:\Users\Alex\Desktop\CN\lab07_skel\lab07_skel\cla_adder.v" Line 36: Port Cout is not connected to this instance

Elaborating module <cla_adder>.

Elaborating module <full_adder>.

Elaborating module <half_adder>.
WARNING:HDLCompiler:189 - "C:\Users\Alex\Desktop\CN\lab07_skel\lab07_skel\adder_subtractor.v" Line 18: Size mismatch in connection of port <Cin>. Formal port size is 1-bit while actual signal size is 32-bit.
WARNING:HDLCompiler:1016 - "C:\Users\Alex\Desktop\CN\lab07_skel\lab07_skel\cla_subtractor.v" Line 13: Port Cout is not connected to this instance
WARNING:HDLCompiler:1016 - "C:\Users\Alex\Desktop\CN\lab07_skel\lab07_skel\cla_subtractor.v" Line 14: Port Cout is not connected to this instance

Elaborating module <cla_subtractor>.
WARNING:HDLCompiler:189 - "C:\Users\Alex\Desktop\CN\lab07_skel\lab07_skel\cla_subtractor.v" Line 13: Size mismatch in connection of port <A>. Formal port size is 4-bit while actual signal size is 32-bit.
WARNING:HDLCompiler:189 - "C:\Users\Alex\Desktop\CN\lab07_skel\lab07_skel\adder_subtractor.v" Line 25: Size mismatch in connection of port <Cin>. Formal port size is 1-bit while actual signal size is 32-bit.

=========================================================================
*                           HDL Synthesis                               *
=========================================================================

Synthesizing Unit <adder_subtractor>.
    Related source file is "C:\Users\Alex\Desktop\CN\lab07_skel\lab07_skel\adder_subtractor.v".
INFO:Xst:3210 - "C:\Users\Alex\Desktop\CN\lab07_skel\lab07_skel\adder_subtractor.v" line 14: Output port <Cout> of the instance <nume3> is unconnected or connected to loadless signal.
INFO:Xst:3210 - "C:\Users\Alex\Desktop\CN\lab07_skel\lab07_skel\adder_subtractor.v" line 21: Output port <Cout> of the instance <nume4> is unconnected or connected to loadless signal.
    Summary:
	inferred   1 Multiplexer(s).
Unit <adder_subtractor> synthesized.

Synthesizing Unit <cla_adder>.
    Related source file is "C:\Users\Alex\Desktop\CN\lab07_skel\lab07_skel\cla_adder.v".
INFO:Xst:3210 - "C:\Users\Alex\Desktop\CN\lab07_skel\lab07_skel\cla_adder.v" line 33: Output port <Cout> of the instance <fa0> is unconnected or connected to loadless signal.
INFO:Xst:3210 - "C:\Users\Alex\Desktop\CN\lab07_skel\lab07_skel\cla_adder.v" line 34: Output port <Cout> of the instance <fa1> is unconnected or connected to loadless signal.
INFO:Xst:3210 - "C:\Users\Alex\Desktop\CN\lab07_skel\lab07_skel\cla_adder.v" line 35: Output port <Cout> of the instance <fa2> is unconnected or connected to loadless signal.
INFO:Xst:3210 - "C:\Users\Alex\Desktop\CN\lab07_skel\lab07_skel\cla_adder.v" line 36: Output port <Cout> of the instance <fa3> is unconnected or connected to loadless signal.
WARNING:Xst:653 - Signal <Cout> is used but never assigned. This sourceless signal will be automatically connected to value GND.
    Summary:
Unit <cla_adder> synthesized.

Synthesizing Unit <full_adder>.
    Related source file is "C:\Users\Alex\Desktop\CN\lab07_skel\lab07_skel\full_adder.v".
    Summary:
	no macro.
Unit <full_adder> synthesized.

Synthesizing Unit <half_adder>.
    Related source file is "C:\Users\Alex\Desktop\CN\lab07_skel\lab07_skel\half_adder.v".
    Summary:
Unit <half_adder> synthesized.

Synthesizing Unit <cla_subtractor>.
    Related source file is "C:\Users\Alex\Desktop\CN\lab07_skel\lab07_skel\cla_subtractor.v".
INFO:Xst:3210 - "C:\Users\Alex\Desktop\CN\lab07_skel\lab07_skel\cla_subtractor.v" line 13: Output port <Cout> of the instance <adder1> is unconnected or connected to loadless signal.
INFO:Xst:3210 - "C:\Users\Alex\Desktop\CN\lab07_skel\lab07_skel\cla_subtractor.v" line 14: Output port <Cout> of the instance <adder2> is unconnected or connected to loadless signal.
WARNING:Xst:653 - Signal <Cout> is used but never assigned. This sourceless signal will be automatically connected to value GND.
    Summary:
	no macro.
Unit <cla_subtractor> synthesized.

=========================================================================
HDL Synthesis Report

Macro Statistics
# Multiplexers                                         : 1
 4-bit 2-to-1 multiplexer                              : 1
# Xors                                                 : 33
 1-bit xor2                                            : 33

=========================================================================

=========================================================================
*                       Advanced HDL Synthesis                          *
=========================================================================


=========================================================================
Advanced HDL Synthesis Report

Macro Statistics
# Multiplexers                                         : 1
 4-bit 2-to-1 multiplexer                              : 1
# Xors                                                 : 33
 1-bit xor2                                            : 33

=========================================================================

=========================================================================
*                         Low Level Synthesis                           *
=========================================================================

Optimizing unit <adder_subtractor> ...

Mapping all equations...
Building and optimizing final netlist ...
Found area constraint ratio of 100 (+ 5) on block adder_subtractor, actual ratio is 0.

Final Macro Processing ...

=========================================================================
Final Register Report

Found no macro
=========================================================================

=========================================================================
*                           Partition Report                            *
=========================================================================

Partition Implementation Status
-------------------------------

  No Partitions were found in this design.

-------------------------------

=========================================================================
*                            Design Summary                             *
=========================================================================

Top Level Output File Name         : adder_subtractor.ngc

Primitive and Black Box Usage:
------------------------------
# BELS                             : 7
#      LUT2                        : 2
#      LUT4                        : 2
#      LUT5                        : 2
#      LUT6                        : 1
# IO Buffers                       : 13
#      IBUF                        : 9
#      OBUF                        : 4

Device utilization summary:
---------------------------

Selected Device : 6slx16csg324-3 


Slice Logic Utilization: 
 Number of Slice LUTs:                    7  out of   9112     0%  
    Number used as Logic:                 7  out of   9112     0%  

Slice Logic Distribution: 
 Number of LUT Flip Flop pairs used:      7
   Number with an unused Flip Flop:       7  out of      7   100%  
   Number with an unused LUT:             0  out of      7     0%  
   Number of fully used LUT-FF pairs:     0  out of      7     0%  
   Number of unique control sets:         0

IO Utilization: 
 Number of IOs:                          13
 Number of bonded IOBs:                  13  out of    232     5%  

Specific Feature Utilization:

---------------------------
Partition Resource Summary:
---------------------------

  No Partitions were found in this design.

---------------------------


=========================================================================
Timing Report

NOTE: THESE TIMING NUMBERS ARE ONLY A SYNTHESIS ESTIMATE.
      FOR ACCURATE TIMING INFORMATION PLEASE REFER TO THE TRACE REPORT
      GENERATED AFTER PLACE-and-ROUTE.

Clock Information:
------------------
No clock signals found in this design

Asynchronous Control Signals Information:
----------------------------------------
No asynchronous control signals found in this design

Timing Summary:
---------------
Speed Grade: -3

   Minimum period: No path found
   Minimum input arrival time before clock: No path found
   Maximum output required time after clock: No path found
   Maximum combinational path delay: 6.413ns

Timing Details:
---------------
All values displayed in nanoseconds (ns)

=========================================================================
Timing constraint: Default path analysis
  Total number of paths / destination ports: 31 / 4
-------------------------------------------------------------------------
Delay:               6.413ns (Levels of Logic = 4)
  Source:            B<0> (PAD)
  Destination:       R<3> (PAD)

  Data Path: B<0> to R<3>
                                Gate     Net
    Cell:in->out      fanout   Delay   Delay  Logical Name (Net Name)
    ----------------------------------------  ------------
     IBUF:I->O             4   1.222   0.912  B_0_IBUF (B_0_IBUF)
     LUT4:I1->O            2   0.205   0.721  R<2>31 (R<2>_bdd1)
     LUT6:I4->O            1   0.203   0.579  R<3> (R_3_OBUF)
     OBUF:I->O                 2.571          R_3_OBUF (R<3>)
    ----------------------------------------
    Total                      6.413ns (4.201ns logic, 2.212ns route)
                                       (65.5% logic, 34.5% route)

=========================================================================

Cross Clock Domains Report:
--------------------------

=========================================================================


Total REAL time to Xst completion: 5.00 secs
Total CPU time to Xst completion: 4.62 secs
 
--> 

Total memory usage is 283260 kilobytes

Number of errors   :    0 (   0 filtered)
Number of warnings :   13 (   0 filtered)
Number of infos    :    8 (   0 filtered)

