#-----------------------------------------------------------
# PlanAhead v14.7 (64-bit)
# Build 321239 by xbuild on Fri Sep 27 19:29:51 MDT 2013
# Start of session at: Mon Mar 20 16:02:32 2017
# Process ID: 10420
# Log file: C:/Users/Alex/Desktop/CN/lab04_skel/lab04_skel/planAhead_run_2/planAhead.log
# Journal file: C:/Users/Alex/Desktop/CN/lab04_skel/lab04_skel/planAhead_run_2/planAhead.jou
#-----------------------------------------------------------
INFO: [Common 17-78] Attempting to get a license: PlanAhead
INFO: [Common 17-290] Got license for PlanAhead
INFO: [Device 21-36] Loading parts and site information from C:/Xilinx/14.7/ISE_DS/PlanAhead/data/parts/arch.xml
Parsing RTL primitives file [C:/Xilinx/14.7/ISE_DS/PlanAhead/data/parts/xilinx/rtl/prims/rtl_prims.xml]
Finished parsing RTL primitives file [C:/Xilinx/14.7/ISE_DS/PlanAhead/data/parts/xilinx/rtl/prims/rtl_prims.xml]
start_gui
source C:/Users/Alex/Desktop/CN/lab04_skel/lab04_skel/pa.fromNetlist.tcl
# create_project -name lab04_skel -dir "C:/Users/Alex/Desktop/CN/lab04_skel/lab04_skel/planAhead_run_2" -part xc6slx16csg324-3
ERROR: [Common 17-53] User Exception: Project already exists on disk, please use '-force' option to overwrite: 
     C:/Users/Alex/Desktop/CN/lab04_skel/lab04_skel/planAhead_run_2/lab04_skel.ppr
     C:/Users/Alex/Desktop/CN/lab04_skel/lab04_skel/planAhead_run_2/lab04_skel.data

    while executing
"create_project -name lab04_skel -dir "C:/Users/Alex/Desktop/CN/lab04_skel/lab04_skel/planAhead_run_2" -part xc6slx16csg324-3"
    (file "C:/Users/Alex/Desktop/CN/lab04_skel/lab04_skel/pa.fromNetlist.tcl" line 4)
exit
INFO: [Common 17-206] Exiting PlanAhead at Mon Mar 20 16:03:18 2017...
INFO: [Common 17-83] Releasing license: PlanAhead
