Command line:
   bonusfix_isim_beh.exe
     -simmode  gui
     -simrunnum  0
     -socket  54147

Mon Mar 06 15:59:24 2017


 Elaboration Time: 0.125 sec

 Current Memory Usage: 1336.54 Meg

 Total Signals          : 17
 Total Nets             : 16
 Total Signal Drivers   : 8
 Total Blocks           : 3
 Total Primitive Blocks : 2
 Total Processes        : 12
 Total Traceable Variables  : 21
 Total Scalar Nets and Variables : 99
Total Line Count : 24

 Total Simulation Time: 0.140625 sec

 Current Memory Usage: 1336.54 Meg

Mon Mar 06 15:59:30 2017

