--------------------------------------------------------------------------------
Release 14.7 Trace  (nt64)
Copyright (c) 1995-2013 Xilinx, Inc.  All rights reserved.

C:\Xilinx\14.7\ISE_DS\ISE\bin\nt64\unwrapped\trce.exe -intstyle ise -v 3 -s 3
-n 3 -fastpaths -xml sumator_placa.twx sumator_placa.ncd -o sumator_placa.twr
sumator_placa.pcf -ucf gfxcvh.ucf

Design file:              sumator_placa.ncd
Physical constraint file: sumator_placa.pcf
Device,package,speed:     xc6slx16,csg324,C,-3 (PRODUCTION 1.23 2013-10-13)
Report level:             verbose report

Environment Variable      Effect 
--------------------      ------ 
NONE                      No environment variables were set
--------------------------------------------------------------------------------

INFO:Timing:2698 - No timing constraints found, doing default enumeration.
INFO:Timing:3412 - To improve timing, see the Timing Closure User Guide (UG612).
INFO:Timing:2752 - To get complete path coverage, use the unconstrained paths 
   option. All paths that are not constrained will be reported in the 
   unconstrained paths section(s) of the report.
INFO:Timing:3339 - The clock-to-out numbers in this timing report are based on 
   a 50 Ohm transmission line loading model.  For the details of this model, 
   and for more information on accounting for different loading conditions, 
   please see the device datasheet.



Data Sheet report:
-----------------
All values displayed in nanoseconds (ns)

Pad to Pad
---------------+---------------+---------+
Source Pad     |Destination Pad|  Delay  |
---------------+---------------+---------+
A<0>           |Cout           |    7.266|
A<0>           |D<0>           |    7.347|
A<0>           |D<1>           |    7.649|
A<0>           |D<2>           |    8.028|
A<0>           |D<3>           |    8.551|
A<1>           |Cout           |    7.499|
A<1>           |D<1>           |    7.995|
A<1>           |D<2>           |    8.261|
A<1>           |D<3>           |    8.701|
A<2>           |Cout           |    6.629|
A<2>           |D<2>           |    7.693|
A<2>           |D<3>           |    8.685|
A<3>           |Cout           |    7.056|
A<3>           |D<3>           |    7.992|
B<0>           |Cout           |    7.684|
B<0>           |D<0>           |    7.639|
B<0>           |D<1>           |    7.941|
B<0>           |D<2>           |    8.446|
B<0>           |D<3>           |    8.887|
B<1>           |Cout           |    7.756|
B<1>           |D<1>           |    7.853|
B<1>           |D<2>           |    8.518|
B<1>           |D<3>           |    9.080|
B<2>           |Cout           |    6.759|
B<2>           |D<2>           |    7.939|
B<2>           |D<3>           |    8.642|
B<3>           |Cout           |    7.014|
B<3>           |D<3>           |    8.403|
push_it        |Cout           |   10.639|
push_it        |D<1>           |   11.402|
push_it        |D<2>           |   10.819|
push_it        |D<3>           |   10.956|
---------------+---------------+---------+


Analysis completed Mon Apr 03 15:53:41 2017 
--------------------------------------------------------------------------------

Trace Settings:
-------------------------
Trace Settings 

Peak Memory Usage: 248 MB



